<?xml version="1.0" encoding="UTF-8" ?>
<testsuite failures="0" time="5.77" errors="0" skipped="0" tests="23" name="com.trinea.java.common.serviceImpl.SimpleCacheTest">
  <properties>
[...]
</properties>
  <testcase time="0.003" classname="com.trinea.java.common.serviceImpl.SimpleCacheTest" name="testSimpleCacheIntLongCacheFullRemoveType"/>
  <testcase time="0" classname="com.trinea.java.common.serviceImpl.SimpleCacheTest" name="testSimpleCacheIntLong"/>
  <testcase time="0.001" classname="com.trinea.java.common.serviceImpl.SimpleCacheTest" name="testGetCacheFullRemoveType"/>
  <testcase time="1.011" classname="com.trinea.java.common.serviceImpl.SimpleCacheTest" name="testPutKCacheObjectOfV"/>
  <testcase time="0.163" classname="com.trinea.java.common.serviceImpl.SimpleCacheTest" name="testRemoveByLastUsedTime"/>
  <testcase time="0.002" classname="com.trinea.java.common.serviceImpl.SimpleCacheTest" name="testRemoveByUsedCount"/>
  <testcase time="1.01" classname="com.trinea.java.common.serviceImpl.SimpleCacheTest" name="testGetSize"/>
  <testcase time="1.011" classname="com.trinea.java.common.serviceImpl.SimpleCacheTest" name="testGet"/>
  <testcase time="0.001" classname="com.trinea.java.common.serviceImpl.SimpleCacheTest" name="testPutKV"/>
  <testcase time="0" classname="com.trinea.java.common.serviceImpl.SimpleCacheTest" name="testExist"/>
  <testcase time="0.001" classname="com.trinea.java.common.serviceImpl.SimpleCacheTest" name="testRemove"/>
  <testcase time="0" classname="com.trinea.java.common.serviceImpl.SimpleCacheTest" name="testClear"/>
  <testcase time="0.027" classname="com.trinea.java.common.serviceImpl.SimpleCacheTest" name="testSaveAndLoadData"/>
  <testcase time="0.001" classname="com.trinea.java.common.serviceImpl.SimpleCacheTest" name="testSimpleCacheInt"/>
  <testcase time="0" classname="com.trinea.java.common.serviceImpl.SimpleCacheTest" name="testSimpleCache"/>
  <testcase time="0" classname="com.trinea.java.common.serviceImpl.SimpleCacheTest" name="testGetMaxSize"/>
  <testcase time="0" classname="com.trinea.java.common.serviceImpl.SimpleCacheTest" name="testGetValidTime"/>
  <testcase time="1.011" classname="com.trinea.java.common.serviceImpl.SimpleCacheTest" name="testIsExpired"/>
  <testcase time="0.504" classname="com.trinea.java.common.serviceImpl.SimpleCacheTest" name="testFullRemoveOne"/>
  <testcase time="1.01" classname="com.trinea.java.common.serviceImpl.SimpleCacheTest" name="testRemoveExpired"/>
  <testcase time="0.002" classname="com.trinea.java.common.serviceImpl.SimpleCacheTest" name="testRemoveByPriority"/>
  <testcase time="0.002" classname="com.trinea.java.common.serviceImpl.SimpleCacheTest" name="testRemoveByData"/>
  <testcase time="0" classname="com.trinea.java.common.serviceImpl.SimpleCacheTest" name="testGetHitRate"/>
</testsuite>