<?xml version="1.0" encoding="UTF-8" ?>
<testsuite failures="0" time="0.997" errors="0" skipped="0" tests="28" name="com.trinea.java.common.HttpUtilsTest">
  <properties>
[...]
</properties>
  <testcase time="0" classname="com.trinea.java.common.HttpUtilsTest" name="testHttpPostWithFileStringMapOfStringStringMapOfStringString"/>
  <testcase time="0" classname="com.trinea.java.common.HttpUtilsTest" name="testHttpPostEncodeParasWithFileStringStringMapOfStringString"/>
  <testcase time="0" classname="com.trinea.java.common.HttpUtilsTest" name="testHttpPostEncodeParasWithFileStringMapOfStringStringMapOfStringString"/>
  <testcase time="0.001" classname="com.trinea.java.common.HttpUtilsTest" name="testGetUrlWithOrderedParas"/>
  <testcase time="0" classname="com.trinea.java.common.HttpUtilsTest" name="testGetValueEncodeParas"/>
  <testcase time="0.001" classname="com.trinea.java.common.HttpUtilsTest" name="testGetParasMapString"/>
  <testcase time="0" classname="com.trinea.java.common.HttpUtilsTest" name="testGetParasMapStringString"/>
  <testcase time="0.43" classname="com.trinea.java.common.HttpUtilsTest" name="testHttpGetStringString"/>
  <testcase time="0.233" classname="com.trinea.java.common.HttpUtilsTest" name="testHttpGetEncodeParas"/>
  <testcase time="0.079" classname="com.trinea.java.common.HttpUtilsTest" name="testHttpPostStringString"/>
  <testcase time="0" classname="com.trinea.java.common.HttpUtilsTest" name="testHttpPostEncodeParas"/>
  <testcase time="0" classname="com.trinea.java.common.HttpUtilsTest" name="testGetUrlWithParas"/>
  <testcase time="0.001" classname="com.trinea.java.common.HttpUtilsTest" name="testGetOrderedParas"/>
  <testcase time="0" classname="com.trinea.java.common.HttpUtilsTest" name="testUtf8Encode"/>
  <testcase time="0.001" classname="com.trinea.java.common.HttpUtilsTest" name="testUtf8Decode"/>
  <testcase time="0" classname="com.trinea.java.common.HttpUtilsTest" name="testGetUrlPath"/>
  <testcase time="0.102" classname="com.trinea.java.common.HttpUtilsTest" name="testHttpGetString"/>
  <testcase time="0" classname="com.trinea.java.common.HttpUtilsTest" name="testCreateParameterStringStringBoolean"/>
  <testcase time="0" classname="com.trinea.java.common.HttpUtilsTest" name="testGetUrlWithOrderedValueEncodeParas"/>
  <testcase time="0.001" classname="com.trinea.java.common.HttpUtilsTest" name="testGetParas"/>
  <testcase time="0" classname="com.trinea.java.common.HttpUtilsTest" name="testGetQueryParameterStringStringStringString"/>
  <testcase time="0" classname="com.trinea.java.common.HttpUtilsTest" name="testHttpPostWithFileStringStringMapOfStringString"/>
  <testcase time="0" classname="com.trinea.java.common.HttpUtilsTest" name="testCreateParameterStringString"/>
  <testcase time="0.001" classname="com.trinea.java.common.HttpUtilsTest" name="testGetUrlWithValueEncodeParas"/>
  <testcase time="0" classname="com.trinea.java.common.HttpUtilsTest" name="testGetOrderedValueEncodeParas"/>
  <testcase time="0.001" classname="com.trinea.java.common.HttpUtilsTest" name="testGetQueryParameterStringString"/>
  <testcase time="0.138" classname="com.trinea.java.common.HttpUtilsTest" name="testHttpGetStringMapOfStringString"/>
  <testcase time="0" classname="com.trinea.java.common.HttpUtilsTest" name="testHttpPostStringMapOfStringString"/>
</testsuite>